mode: atomic
github.com/davidhoo/jsonpath/errors.go:23.32,25.2 1 1668
github.com/davidhoo/jsonpath/errors.go:28.61,34.2 1 1673
github.com/davidhoo/jsonpath/functions.go:28.73,30.2 1 74
github.com/davidhoo/jsonpath/functions.go:32.41,34.2 1 0
github.com/davidhoo/jsonpath/functions.go:41.63,44.39 2 12
github.com/davidhoo/jsonpath/functions.go:44.39,47.3 2 1
github.com/davidhoo/jsonpath/functions.go:48.2,52.16 3 11
github.com/davidhoo/jsonpath/functions.go:52.16,54.3 1 2
github.com/davidhoo/jsonpath/functions.go:57.2,61.16 4 9
github.com/davidhoo/jsonpath/functions.go:82.58,83.25 1 104
github.com/davidhoo/jsonpath/functions.go:84.11,85.71 1 16
github.com/davidhoo/jsonpath/functions.go:86.13,87.71 1 1
github.com/davidhoo/jsonpath/functions.go:88.13,89.71 1 1
github.com/davidhoo/jsonpath/functions.go:90.15,91.28 1 1
github.com/davidhoo/jsonpath/functions.go:91.28,93.4 1 0
github.com/davidhoo/jsonpath/functions.go:94.3,94.31 1 1
github.com/davidhoo/jsonpath/functions.go:94.31,96.4 1 0
github.com/davidhoo/jsonpath/functions.go:97.3,97.32 1 1
github.com/davidhoo/jsonpath/functions.go:97.32,99.4 1 0
github.com/davidhoo/jsonpath/functions.go:100.3,100.69 1 1
github.com/davidhoo/jsonpath/functions.go:101.15,102.22 1 63
github.com/davidhoo/jsonpath/functions.go:102.22,104.4 1 1
github.com/davidhoo/jsonpath/functions.go:105.3,105.25 1 62
github.com/davidhoo/jsonpath/functions.go:105.25,107.4 1 1
github.com/davidhoo/jsonpath/functions.go:108.3,108.26 1 61
github.com/davidhoo/jsonpath/functions.go:108.26,110.4 1 1
github.com/davidhoo/jsonpath/functions.go:111.3,111.33 1 60
github.com/davidhoo/jsonpath/functions.go:111.33,113.4 1 52
github.com/davidhoo/jsonpath/functions.go:114.3,114.60 1 8
github.com/davidhoo/jsonpath/functions.go:115.19,116.42 1 0
github.com/davidhoo/jsonpath/functions.go:116.42,118.4 1 0
github.com/davidhoo/jsonpath/functions.go:119.3,119.40 1 0
github.com/davidhoo/jsonpath/functions.go:119.40,121.4 1 0
github.com/davidhoo/jsonpath/functions.go:122.3,122.62 1 0
github.com/davidhoo/jsonpath/functions.go:123.14,124.56 1 18
github.com/davidhoo/jsonpath/functions.go:124.56,126.4 1 2
github.com/davidhoo/jsonpath/functions.go:127.3,127.69 1 16
github.com/davidhoo/jsonpath/functions.go:128.10,129.70 1 4
github.com/davidhoo/jsonpath/functions.go:134.48,136.54 1 32
github.com/davidhoo/jsonpath/functions.go:136.54,138.3 1 0
github.com/davidhoo/jsonpath/functions.go:139.2,139.33 1 32
github.com/davidhoo/jsonpath/functions.go:139.33,140.34 1 0
github.com/davidhoo/jsonpath/functions.go:140.34,142.4 1 0
github.com/davidhoo/jsonpath/functions.go:143.3,143.11 1 0
github.com/davidhoo/jsonpath/functions.go:145.2,145.41 1 32
github.com/davidhoo/jsonpath/functions.go:145.41,146.42 1 0
github.com/davidhoo/jsonpath/functions.go:146.42,148.4 1 0
github.com/davidhoo/jsonpath/functions.go:149.3,149.12 1 0
github.com/davidhoo/jsonpath/functions.go:151.2,151.33 1 32
github.com/davidhoo/jsonpath/functions.go:151.33,153.3 1 0
github.com/davidhoo/jsonpath/functions.go:154.2,154.41 1 32
github.com/davidhoo/jsonpath/functions.go:154.41,156.3 1 0
github.com/davidhoo/jsonpath/functions.go:159.2,160.28 2 32
github.com/davidhoo/jsonpath/functions.go:160.28,162.3 1 2
github.com/davidhoo/jsonpath/functions.go:163.2,163.14 1 30
github.com/davidhoo/jsonpath/functions.go:163.14,165.3 1 17
github.com/davidhoo/jsonpath/functions.go:166.2,166.11 1 13
github.com/davidhoo/jsonpath/functions.go:170.30,172.2 1 1
github.com/davidhoo/jsonpath/functions.go:175.40,177.2 1 2
github.com/davidhoo/jsonpath/functions.go:183.59,184.22 1 11
github.com/davidhoo/jsonpath/functions.go:184.22,186.5 1 0
github.com/davidhoo/jsonpath/functions.go:189.4,189.46 1 11
github.com/davidhoo/jsonpath/functions.go:189.46,191.5 1 3
github.com/davidhoo/jsonpath/functions.go:194.4,194.39 1 8
github.com/davidhoo/jsonpath/functions.go:194.39,196.5 1 5
github.com/davidhoo/jsonpath/functions.go:199.4,199.55 1 3
github.com/davidhoo/jsonpath/functions.go:199.55,201.5 1 1
github.com/davidhoo/jsonpath/functions.go:203.4,203.80 1 2
github.com/davidhoo/jsonpath/functions.go:208.59,209.22 1 3
github.com/davidhoo/jsonpath/functions.go:209.22,211.5 1 0
github.com/davidhoo/jsonpath/functions.go:214.4,215.11 2 3
github.com/davidhoo/jsonpath/functions.go:215.11,217.5 1 1
github.com/davidhoo/jsonpath/functions.go:220.4,221.23 2 2
github.com/davidhoo/jsonpath/functions.go:221.23,223.5 1 5
github.com/davidhoo/jsonpath/functions.go:224.4,228.27 3 2
github.com/davidhoo/jsonpath/functions.go:228.27,230.5 1 5
github.com/davidhoo/jsonpath/functions.go:232.4,232.22 1 2
github.com/davidhoo/jsonpath/functions.go:237.59,238.22 1 4
github.com/davidhoo/jsonpath/functions.go:238.22,240.5 1 0
github.com/davidhoo/jsonpath/functions.go:243.4,244.11 2 4
github.com/davidhoo/jsonpath/functions.go:244.11,246.5 1 1
github.com/davidhoo/jsonpath/functions.go:249.4,250.23 2 3
github.com/davidhoo/jsonpath/functions.go:250.23,252.5 1 9
github.com/davidhoo/jsonpath/functions.go:253.4,257.27 3 3
github.com/davidhoo/jsonpath/functions.go:257.27,259.5 1 9
github.com/davidhoo/jsonpath/functions.go:261.4,261.22 1 3
github.com/davidhoo/jsonpath/functions.go:266.59,267.22 1 6
github.com/davidhoo/jsonpath/functions.go:267.22,269.5 1 1
github.com/davidhoo/jsonpath/functions.go:272.4,273.11 2 5
github.com/davidhoo/jsonpath/functions.go:273.11,275.5 1 1
github.com/davidhoo/jsonpath/functions.go:278.4,279.29 2 4
github.com/davidhoo/jsonpath/functions.go:279.29,280.41 1 17
github.com/davidhoo/jsonpath/functions.go:280.41,282.6 1 8
github.com/davidhoo/jsonpath/functions.go:285.4,285.30 1 4
github.com/davidhoo/jsonpath/functions.go:290.59,291.22 1 10
github.com/davidhoo/jsonpath/functions.go:291.22,293.5 1 2
github.com/davidhoo/jsonpath/functions.go:296.4,297.11 2 8
github.com/davidhoo/jsonpath/functions.go:297.11,299.5 1 2
github.com/davidhoo/jsonpath/functions.go:301.4,301.21 1 6
github.com/davidhoo/jsonpath/functions.go:301.21,303.5 1 2
github.com/davidhoo/jsonpath/functions.go:305.4,306.29 2 4
github.com/davidhoo/jsonpath/functions.go:306.29,308.19 2 24
github.com/davidhoo/jsonpath/functions.go:308.19,309.14 1 5
github.com/davidhoo/jsonpath/functions.go:313.5,313.33 1 19
github.com/davidhoo/jsonpath/functions.go:313.33,314.14 1 0
github.com/davidhoo/jsonpath/functions.go:317.5,317.22 1 19
github.com/davidhoo/jsonpath/functions.go:317.22,319.14 2 3
github.com/davidhoo/jsonpath/functions.go:322.5,322.46 1 16
github.com/davidhoo/jsonpath/functions.go:322.46,324.6 1 3
github.com/davidhoo/jsonpath/functions.go:327.4,327.21 1 4
github.com/davidhoo/jsonpath/functions.go:327.21,329.5 1 1
github.com/davidhoo/jsonpath/functions.go:332.4,332.39 1 3
github.com/davidhoo/jsonpath/functions.go:332.39,334.5 1 3
github.com/davidhoo/jsonpath/functions.go:335.4,335.28 1 0
github.com/davidhoo/jsonpath/functions.go:340.59,341.22 1 6
github.com/davidhoo/jsonpath/functions.go:341.22,343.5 1 0
github.com/davidhoo/jsonpath/functions.go:346.4,347.11 2 6
github.com/davidhoo/jsonpath/functions.go:347.11,349.5 1 1
github.com/davidhoo/jsonpath/functions.go:351.4,351.21 1 5
github.com/davidhoo/jsonpath/functions.go:351.21,353.5 1 1
github.com/davidhoo/jsonpath/functions.go:355.4,356.29 2 4
github.com/davidhoo/jsonpath/functions.go:356.29,358.19 2 24
github.com/davidhoo/jsonpath/functions.go:358.19,359.14 1 5
github.com/davidhoo/jsonpath/functions.go:363.5,363.33 1 19
github.com/davidhoo/jsonpath/functions.go:363.33,364.14 1 0
github.com/davidhoo/jsonpath/functions.go:367.5,367.22 1 19
github.com/davidhoo/jsonpath/functions.go:367.22,369.14 2 3
github.com/davidhoo/jsonpath/functions.go:372.5,372.46 1 16
github.com/davidhoo/jsonpath/functions.go:372.46,374.6 1 6
github.com/davidhoo/jsonpath/functions.go:377.4,377.21 1 4
github.com/davidhoo/jsonpath/functions.go:377.21,379.5 1 1
github.com/davidhoo/jsonpath/functions.go:382.4,382.39 1 3
github.com/davidhoo/jsonpath/functions.go:382.39,384.5 1 3
github.com/davidhoo/jsonpath/functions.go:385.4,385.28 1 0
github.com/davidhoo/jsonpath/functions.go:390.59,391.22 1 8
github.com/davidhoo/jsonpath/functions.go:391.22,393.5 1 0
github.com/davidhoo/jsonpath/functions.go:396.4,397.11 2 8
github.com/davidhoo/jsonpath/functions.go:397.11,399.5 1 1
github.com/davidhoo/jsonpath/functions.go:401.4,401.21 1 7
github.com/davidhoo/jsonpath/functions.go:401.21,403.5 1 1
github.com/davidhoo/jsonpath/functions.go:405.4,408.29 3 6
github.com/davidhoo/jsonpath/functions.go:408.29,410.19 2 22
github.com/davidhoo/jsonpath/functions.go:410.19,411.14 1 5
github.com/davidhoo/jsonpath/functions.go:415.5,417.44 1 17
github.com/davidhoo/jsonpath/functions.go:417.44,418.14 1 0
github.com/davidhoo/jsonpath/functions.go:421.5,422.12 2 17
github.com/davidhoo/jsonpath/functions.go:425.4,425.18 1 6
github.com/davidhoo/jsonpath/functions.go:425.18,427.5 1 1
github.com/davidhoo/jsonpath/functions.go:429.4,430.40 2 5
github.com/davidhoo/jsonpath/functions.go:430.40,432.5 1 3
github.com/davidhoo/jsonpath/functions.go:433.4,433.22 1 2
github.com/davidhoo/jsonpath/functions.go:438.59,439.22 1 8
github.com/davidhoo/jsonpath/functions.go:439.22,441.5 1 0
github.com/davidhoo/jsonpath/functions.go:444.4,445.11 2 8
github.com/davidhoo/jsonpath/functions.go:445.11,447.5 1 1
github.com/davidhoo/jsonpath/functions.go:449.4,449.21 1 7
github.com/davidhoo/jsonpath/functions.go:449.21,451.5 1 1
github.com/davidhoo/jsonpath/functions.go:453.4,457.29 4 6
github.com/davidhoo/jsonpath/functions.go:457.29,459.19 2 22
github.com/davidhoo/jsonpath/functions.go:459.19,460.14 1 5
github.com/davidhoo/jsonpath/functions.go:464.5,466.44 1 17
github.com/davidhoo/jsonpath/functions.go:466.44,467.14 1 0
github.com/davidhoo/jsonpath/functions.go:470.5,470.35 1 17
github.com/davidhoo/jsonpath/functions.go:470.35,472.6 1 3
github.com/davidhoo/jsonpath/functions.go:474.5,475.12 2 17
github.com/davidhoo/jsonpath/functions.go:478.4,478.18 1 6
github.com/davidhoo/jsonpath/functions.go:478.18,480.5 1 1
github.com/davidhoo/jsonpath/functions.go:483.4,483.49 1 5
github.com/davidhoo/jsonpath/functions.go:483.49,485.5 1 4
github.com/davidhoo/jsonpath/functions.go:486.4,486.19 1 1
github.com/davidhoo/jsonpath/functions.go:491.59,493.22 1 9
github.com/davidhoo/jsonpath/functions.go:493.22,495.5 1 1
github.com/davidhoo/jsonpath/functions.go:498.4,499.11 2 8
github.com/davidhoo/jsonpath/functions.go:499.11,501.5 1 1
github.com/davidhoo/jsonpath/functions.go:504.4,504.21 1 7
github.com/davidhoo/jsonpath/functions.go:504.21,506.5 1 0
github.com/davidhoo/jsonpath/functions.go:509.4,510.31 2 7
github.com/davidhoo/jsonpath/functions.go:511.16,512.12 1 6
github.com/davidhoo/jsonpath/functions.go:513.12,515.22 1 1
github.com/davidhoo/jsonpath/functions.go:519.4,523.38 4 6
github.com/davidhoo/jsonpath/functions.go:523.38,525.16 2 52
github.com/davidhoo/jsonpath/functions.go:525.16,526.16 1 2
github.com/davidhoo/jsonpath/functions.go:527.50,530.27 2 0
github.com/davidhoo/jsonpath/functions.go:531.15,532.31 1 0
github.com/davidhoo/jsonpath/functions.go:533.15,534.31 1 0
github.com/davidhoo/jsonpath/functions.go:535.15,536.31 1 0
github.com/davidhoo/jsonpath/functions.go:537.81,539.27 1 2
github.com/davidhoo/jsonpath/functions.go:540.20,544.52 3 0
github.com/davidhoo/jsonpath/functions.go:544.52,547.54 3 0
github.com/davidhoo/jsonpath/functions.go:547.54,550.9 2 0
github.com/davidhoo/jsonpath/functions.go:551.8,551.53 1 0
github.com/davidhoo/jsonpath/functions.go:551.53,554.9 2 0
github.com/davidhoo/jsonpath/functions.go:556.14,557.22 1 0
github.com/davidhoo/jsonpath/functions.go:557.22,559.8 1 0
github.com/davidhoo/jsonpath/functions.go:559.13,561.8 1 0
github.com/davidhoo/jsonpath/functions.go:563.6,563.21 1 2
github.com/davidhoo/jsonpath/functions.go:564.11,564.26 1 50
github.com/davidhoo/jsonpath/functions.go:564.26,566.6 1 2
github.com/davidhoo/jsonpath/functions.go:566.11,566.25 1 48
github.com/davidhoo/jsonpath/functions.go:566.25,569.6 2 0
github.com/davidhoo/jsonpath/functions.go:569.11,569.25 1 48
github.com/davidhoo/jsonpath/functions.go:569.25,572.6 2 0
github.com/davidhoo/jsonpath/functions.go:572.11,574.6 1 48
github.com/davidhoo/jsonpath/functions.go:578.4,578.15 1 6
github.com/davidhoo/jsonpath/functions.go:578.15,580.5 1 0
github.com/davidhoo/jsonpath/functions.go:582.4,586.18 3 6
github.com/davidhoo/jsonpath/functions.go:586.18,588.5 1 1
github.com/davidhoo/jsonpath/functions.go:591.4,591.35 1 5
github.com/davidhoo/jsonpath/functions.go:596.59,598.22 1 9
github.com/davidhoo/jsonpath/functions.go:598.22,600.5 1 1
github.com/davidhoo/jsonpath/functions.go:603.4,604.11 2 8
github.com/davidhoo/jsonpath/functions.go:604.11,606.5 1 1
github.com/davidhoo/jsonpath/functions.go:609.4,610.11 2 7
github.com/davidhoo/jsonpath/functions.go:610.11,612.5 1 1
github.com/davidhoo/jsonpath/functions.go:615.4,619.38 4 6
github.com/davidhoo/jsonpath/functions.go:619.38,621.16 2 38
github.com/davidhoo/jsonpath/functions.go:621.16,622.16 1 2
github.com/davidhoo/jsonpath/functions.go:623.50,626.27 2 0
github.com/davidhoo/jsonpath/functions.go:627.15,628.31 1 0
github.com/davidhoo/jsonpath/functions.go:629.15,630.31 1 0
github.com/davidhoo/jsonpath/functions.go:631.15,632.31 1 0
github.com/davidhoo/jsonpath/functions.go:633.81,635.27 1 2
github.com/davidhoo/jsonpath/functions.go:636.20,640.52 3 0
github.com/davidhoo/jsonpath/functions.go:640.52,643.54 3 0
github.com/davidhoo/jsonpath/functions.go:643.54,646.9 2 0
github.com/davidhoo/jsonpath/functions.go:647.8,647.53 1 0
github.com/davidhoo/jsonpath/functions.go:647.53,650.9 2 0
github.com/davidhoo/jsonpath/functions.go:652.14,653.22 1 0
github.com/davidhoo/jsonpath/functions.go:653.22,655.8 1 0
github.com/davidhoo/jsonpath/functions.go:655.13,657.8 1 0
github.com/davidhoo/jsonpath/functions.go:659.6,659.21 1 2
github.com/davidhoo/jsonpath/functions.go:660.11,660.26 1 36
github.com/davidhoo/jsonpath/functions.go:660.26,662.6 1 2
github.com/davidhoo/jsonpath/functions.go:662.11,662.25 1 34
github.com/davidhoo/jsonpath/functions.go:662.25,665.6 2 0
github.com/davidhoo/jsonpath/functions.go:665.11,665.25 1 34
github.com/davidhoo/jsonpath/functions.go:665.25,668.6 2 0
github.com/davidhoo/jsonpath/functions.go:668.11,670.6 1 34
github.com/davidhoo/jsonpath/functions.go:674.4,674.15 1 6
github.com/davidhoo/jsonpath/functions.go:674.15,676.5 1 0
github.com/davidhoo/jsonpath/functions.go:678.4,682.18 3 6
github.com/davidhoo/jsonpath/functions.go:682.18,684.5 1 1
github.com/davidhoo/jsonpath/functions.go:687.4,688.29 2 5
github.com/davidhoo/jsonpath/functions.go:688.29,690.29 2 18
github.com/davidhoo/jsonpath/functions.go:691.17,692.13 1 16
github.com/davidhoo/jsonpath/functions.go:693.18,694.47 1 1
github.com/davidhoo/jsonpath/functions.go:695.14,696.27 1 0
github.com/davidhoo/jsonpath/functions.go:697.15,698.33 1 1
github.com/davidhoo/jsonpath/functions.go:699.14,700.18 1 0
github.com/davidhoo/jsonpath/functions.go:701.13,703.55 1 0
github.com/davidhoo/jsonpath/functions.go:703.55,705.7 1 0
github.com/davidhoo/jsonpath/functions.go:705.12,706.15 1 0
github.com/davidhoo/jsonpath/functions.go:710.5,710.28 1 18
github.com/davidhoo/jsonpath/functions.go:710.28,712.6 1 8
github.com/davidhoo/jsonpath/functions.go:715.4,715.23 1 5
github.com/davidhoo/jsonpath/functions.go:721.49,722.48 1 72
github.com/davidhoo/jsonpath/functions.go:722.48,724.3 1 70
github.com/davidhoo/jsonpath/functions.go:725.2,725.55 1 2
github.com/davidhoo/jsonpath/jsonpath.go:9.64,11.38 1 2906
github.com/davidhoo/jsonpath/jsonpath.go:11.38,13.70 2 80
github.com/davidhoo/jsonpath/jsonpath.go:13.70,15.4 1 0
github.com/davidhoo/jsonpath/jsonpath.go:16.3,16.20 1 80
github.com/davidhoo/jsonpath/jsonpath.go:20.2,21.16 2 2906
github.com/davidhoo/jsonpath/jsonpath.go:21.16,23.3 1 1311
github.com/davidhoo/jsonpath/jsonpath.go:26.2,27.31 2 1595
github.com/davidhoo/jsonpath/jsonpath.go:27.31,29.30 2 1793
github.com/davidhoo/jsonpath/jsonpath.go:29.30,31.18 2 1831
github.com/davidhoo/jsonpath/jsonpath.go:31.18,33.5 1 1035
github.com/davidhoo/jsonpath/jsonpath.go:34.4,34.47 1 796
github.com/davidhoo/jsonpath/jsonpath.go:36.3,36.21 1 758
github.com/davidhoo/jsonpath/jsonpath.go:40.2,40.23 1 560
github.com/davidhoo/jsonpath/jsonpath.go:40.23,41.43 1 556
github.com/davidhoo/jsonpath/jsonpath.go:42.23,43.22 1 180
github.com/davidhoo/jsonpath/jsonpath.go:44.25,45.24 1 0
github.com/davidhoo/jsonpath/jsonpath.go:45.24,47.5 1 0
github.com/davidhoo/jsonpath/jsonpath.go:48.4,48.22 1 0
github.com/davidhoo/jsonpath/jsonpath.go:53.2,53.22 1 380
github.com/davidhoo/jsonpath/jsonpath.go:53.22,55.3 1 139
github.com/davidhoo/jsonpath/jsonpath.go:56.2,56.20 1 241
github.com/davidhoo/jsonpath/parser.go:11.44,13.16 1 2906
github.com/davidhoo/jsonpath/parser.go:13.16,15.3 1 0
github.com/davidhoo/jsonpath/parser.go:18.2,18.35 1 2906
github.com/davidhoo/jsonpath/parser.go:18.35,20.3 1 4
github.com/davidhoo/jsonpath/parser.go:21.2,24.16 2 2902
github.com/davidhoo/jsonpath/parser.go:24.16,26.3 1 4
github.com/davidhoo/jsonpath/parser.go:29.2,32.34 2 2898
github.com/davidhoo/jsonpath/parser.go:32.34,34.3 1 76
github.com/davidhoo/jsonpath/parser.go:37.2,37.27 1 2822
github.com/davidhoo/jsonpath/parser.go:41.53,46.16 3 83
github.com/davidhoo/jsonpath/parser.go:46.16,48.3 1 5
github.com/davidhoo/jsonpath/parser.go:51.2,54.16 2 78
github.com/davidhoo/jsonpath/parser.go:54.16,56.17 2 78
github.com/davidhoo/jsonpath/parser.go:56.17,58.4 1 17
github.com/davidhoo/jsonpath/parser.go:59.3,59.52 1 61
github.com/davidhoo/jsonpath/parser.go:62.2,62.22 1 61
github.com/davidhoo/jsonpath/parser.go:66.51,72.33 5 2900
github.com/davidhoo/jsonpath/parser.go:72.33,75.10 2 33991
github.com/davidhoo/jsonpath/parser.go:76.20,77.17 1 2974
github.com/davidhoo/jsonpath/parser.go:77.17,79.5 1 224
github.com/davidhoo/jsonpath/parser.go:80.4,80.21 1 2750
github.com/davidhoo/jsonpath/parser.go:80.21,82.19 2 85
github.com/davidhoo/jsonpath/parser.go:82.19,84.6 1 0
github.com/davidhoo/jsonpath/parser.go:85.5,86.17 2 85
github.com/davidhoo/jsonpath/parser.go:88.4,88.20 1 2750
github.com/davidhoo/jsonpath/parser.go:90.20,91.18 1 2526
github.com/davidhoo/jsonpath/parser.go:91.18,93.5 1 0
github.com/davidhoo/jsonpath/parser.go:94.4,95.18 2 2526
github.com/davidhoo/jsonpath/parser.go:95.18,97.5 1 1084
github.com/davidhoo/jsonpath/parser.go:98.4,100.21 3 1442
github.com/davidhoo/jsonpath/parser.go:102.34,103.21 1 100
github.com/davidhoo/jsonpath/parser.go:103.21,105.19 2 94
github.com/davidhoo/jsonpath/parser.go:105.19,107.6 1 0
github.com/davidhoo/jsonpath/parser.go:108.5,109.17 2 94
github.com/davidhoo/jsonpath/parser.go:112.11,113.17 1 28391
github.com/davidhoo/jsonpath/parser.go:113.17,115.5 1 27017
github.com/davidhoo/jsonpath/parser.go:115.10,117.5 1 1374
github.com/davidhoo/jsonpath/parser.go:122.2,122.15 1 1592
github.com/davidhoo/jsonpath/parser.go:122.15,124.3 1 0
github.com/davidhoo/jsonpath/parser.go:125.2,125.19 1 1592
github.com/davidhoo/jsonpath/parser.go:125.19,127.17 2 194
github.com/davidhoo/jsonpath/parser.go:127.17,129.4 1 0
github.com/davidhoo/jsonpath/parser.go:130.3,130.35 1 194
github.com/davidhoo/jsonpath/parser.go:133.2,133.22 1 1592
github.com/davidhoo/jsonpath/parser.go:137.53,138.17 1 373
github.com/davidhoo/jsonpath/parser.go:138.17,140.3 1 25
github.com/davidhoo/jsonpath/parser.go:141.2,141.38 1 348
github.com/davidhoo/jsonpath/parser.go:145.59,147.20 1 2526
github.com/davidhoo/jsonpath/parser.go:147.20,149.3 1 19
github.com/davidhoo/jsonpath/parser.go:152.2,152.37 1 2507
github.com/davidhoo/jsonpath/parser.go:152.37,154.3 1 1314
github.com/davidhoo/jsonpath/parser.go:157.2,159.132 1 1193
github.com/davidhoo/jsonpath/parser.go:159.132,161.3 1 98
github.com/davidhoo/jsonpath/parser.go:164.2,164.36 1 1095
github.com/davidhoo/jsonpath/parser.go:164.36,166.3 1 360
github.com/davidhoo/jsonpath/parser.go:169.2,169.34 1 735
github.com/davidhoo/jsonpath/parser.go:173.52,176.2 2 868
github.com/davidhoo/jsonpath/parser.go:185.60,188.16 3 873
github.com/davidhoo/jsonpath/parser.go:188.16,190.3 1 479
github.com/davidhoo/jsonpath/parser.go:191.2,192.26 2 394
github.com/davidhoo/jsonpath/parser.go:192.26,194.3 1 0
github.com/davidhoo/jsonpath/parser.go:195.2,195.18 1 394
github.com/davidhoo/jsonpath/parser.go:198.41,199.52 1 3049
github.com/davidhoo/jsonpath/parser.go:199.52,201.3 1 18
github.com/davidhoo/jsonpath/parser.go:204.56,206.16 2 879
github.com/davidhoo/jsonpath/parser.go:206.16,208.3 1 479
github.com/davidhoo/jsonpath/parser.go:210.2,211.6 2 400
github.com/davidhoo/jsonpath/parser.go:211.6,213.63 2 413
github.com/davidhoo/jsonpath/parser.go:213.63,216.18 3 13
github.com/davidhoo/jsonpath/parser.go:216.18,218.5 1 0
github.com/davidhoo/jsonpath/parser.go:219.4,219.38 1 13
github.com/davidhoo/jsonpath/parser.go:220.9,221.9 1 400
github.com/davidhoo/jsonpath/parser.go:225.2,225.24 1 400
github.com/davidhoo/jsonpath/parser.go:225.24,227.3 1 388
github.com/davidhoo/jsonpath/parser.go:228.2,228.41 1 12
github.com/davidhoo/jsonpath/parser.go:231.57,233.16 2 892
github.com/davidhoo/jsonpath/parser.go:233.16,235.3 1 479
github.com/davidhoo/jsonpath/parser.go:237.2,238.6 2 413
github.com/davidhoo/jsonpath/parser.go:238.6,240.63 2 426
github.com/davidhoo/jsonpath/parser.go:240.63,243.18 3 13
github.com/davidhoo/jsonpath/parser.go:243.18,245.5 1 0
github.com/davidhoo/jsonpath/parser.go:246.4,246.38 1 13
github.com/davidhoo/jsonpath/parser.go:247.9,248.9 1 413
github.com/davidhoo/jsonpath/parser.go:252.2,252.24 1 413
github.com/davidhoo/jsonpath/parser.go:252.24,254.3 1 401
github.com/davidhoo/jsonpath/parser.go:255.2,255.42 1 12
github.com/davidhoo/jsonpath/parser.go:258.59,260.51 2 905
github.com/davidhoo/jsonpath/parser.go:260.51,263.17 3 62
github.com/davidhoo/jsonpath/parser.go:263.17,265.4 1 56
github.com/davidhoo/jsonpath/parser.go:266.3,266.27 1 6
github.com/davidhoo/jsonpath/parser.go:268.2,268.25 1 843
github.com/davidhoo/jsonpath/parser.go:271.61,274.27 2 905
github.com/davidhoo/jsonpath/parser.go:274.27,276.3 1 0
github.com/davidhoo/jsonpath/parser.go:279.2,279.27 1 905
github.com/davidhoo/jsonpath/parser.go:279.27,282.17 3 6
github.com/davidhoo/jsonpath/parser.go:282.17,284.4 1 0
github.com/davidhoo/jsonpath/parser.go:285.3,286.53 2 6
github.com/davidhoo/jsonpath/parser.go:286.53,288.4 1 0
github.com/davidhoo/jsonpath/parser.go:289.3,290.19 2 6
github.com/davidhoo/jsonpath/parser.go:294.2,299.27 5 899
github.com/davidhoo/jsonpath/parser.go:299.27,302.35 2 7478
github.com/davidhoo/jsonpath/parser.go:302.35,305.12 3 142
github.com/davidhoo/jsonpath/parser.go:307.3,307.30 1 7336
github.com/davidhoo/jsonpath/parser.go:307.30,310.12 3 228
github.com/davidhoo/jsonpath/parser.go:313.3,313.33 1 7108
github.com/davidhoo/jsonpath/parser.go:313.33,315.12 2 521
github.com/davidhoo/jsonpath/parser.go:318.3,318.16 1 6587
github.com/davidhoo/jsonpath/parser.go:318.16,321.12 3 34
github.com/davidhoo/jsonpath/parser.go:323.3,323.16 1 6553
github.com/davidhoo/jsonpath/parser.go:323.16,324.18 1 40
github.com/davidhoo/jsonpath/parser.go:324.18,325.10 1 6
github.com/davidhoo/jsonpath/parser.go:327.4,329.12 3 34
github.com/davidhoo/jsonpath/parser.go:333.3,333.43 1 6513
github.com/davidhoo/jsonpath/parser.go:333.43,335.32 2 5768
github.com/davidhoo/jsonpath/parser.go:335.32,336.10 1 133
github.com/davidhoo/jsonpath/parser.go:340.3,340.10 1 6380
github.com/davidhoo/jsonpath/parser.go:343.2,344.19 2 899
github.com/davidhoo/jsonpath/parser.go:344.19,346.3 1 0
github.com/davidhoo/jsonpath/parser.go:348.2,349.16 2 899
github.com/davidhoo/jsonpath/parser.go:349.16,351.3 1 479
github.com/davidhoo/jsonpath/parser.go:352.2,352.40 1 420
github.com/davidhoo/jsonpath/parser.go:356.50,357.26 1 13
github.com/davidhoo/jsonpath/parser.go:358.22,360.27 2 12
github.com/davidhoo/jsonpath/parser.go:361.13,362.27 1 11
github.com/davidhoo/jsonpath/parser.go:363.13,364.27 1 0
github.com/davidhoo/jsonpath/parser.go:365.12,366.27 1 0
github.com/davidhoo/jsonpath/parser.go:367.13,368.26 1 0
github.com/davidhoo/jsonpath/parser.go:369.12,370.27 1 1
github.com/davidhoo/jsonpath/parser.go:371.13,372.26 1 0
github.com/davidhoo/jsonpath/parser.go:373.11,374.107 1 0
github.com/davidhoo/jsonpath/parser.go:376.3,376.44 1 12
github.com/davidhoo/jsonpath/parser.go:377.16,379.36 2 0
github.com/davidhoo/jsonpath/parser.go:379.36,381.18 2 0
github.com/davidhoo/jsonpath/parser.go:381.18,383.5 1 0
github.com/davidhoo/jsonpath/parser.go:384.4,384.25 1 0
github.com/davidhoo/jsonpath/parser.go:386.3,386.42 1 0
github.com/davidhoo/jsonpath/parser.go:387.15,389.36 2 1
github.com/davidhoo/jsonpath/parser.go:389.36,391.18 2 2
github.com/davidhoo/jsonpath/parser.go:391.18,393.5 1 0
github.com/davidhoo/jsonpath/parser.go:394.4,394.25 1 2
github.com/davidhoo/jsonpath/parser.go:396.3,396.43 1 1
github.com/davidhoo/jsonpath/parser.go:397.10,398.73 1 0
github.com/davidhoo/jsonpath/parser.go:403.58,405.184 1 1314
github.com/davidhoo/jsonpath/parser.go:405.184,407.3 1 421
github.com/davidhoo/jsonpath/parser.go:410.2,412.9 2 893
github.com/davidhoo/jsonpath/parser.go:413.40,414.39 1 0
github.com/davidhoo/jsonpath/parser.go:414.39,416.4 1 0
github.com/davidhoo/jsonpath/parser.go:417.3,420.17 3 0
github.com/davidhoo/jsonpath/parser.go:420.17,422.4 1 0
github.com/davidhoo/jsonpath/parser.go:423.3,424.17 2 0
github.com/davidhoo/jsonpath/parser.go:424.17,426.4 1 0
github.com/davidhoo/jsonpath/parser.go:427.3,427.44 1 0
github.com/davidhoo/jsonpath/parser.go:428.40,430.26 1 14
github.com/davidhoo/jsonpath/parser.go:431.40,432.39 1 40
github.com/davidhoo/jsonpath/parser.go:432.39,434.4 1 20
github.com/davidhoo/jsonpath/parser.go:435.3,435.46 1 20
github.com/davidhoo/jsonpath/parser.go:436.39,437.26 1 773
github.com/davidhoo/jsonpath/parser.go:438.39,442.44 2 53
github.com/davidhoo/jsonpath/parser.go:442.44,443.40 1 5
github.com/davidhoo/jsonpath/parser.go:443.40,445.5 1 0
github.com/davidhoo/jsonpath/parser.go:447.4,449.18 3 5
github.com/davidhoo/jsonpath/parser.go:449.18,451.5 1 0
github.com/davidhoo/jsonpath/parser.go:452.4,453.18 2 5
github.com/davidhoo/jsonpath/parser.go:453.18,455.5 1 0
github.com/davidhoo/jsonpath/parser.go:456.4,456.45 1 5
github.com/davidhoo/jsonpath/parser.go:458.39,459.39 1 13
github.com/davidhoo/jsonpath/parser.go:459.39,461.4 1 0
github.com/davidhoo/jsonpath/parser.go:462.3,462.46 1 13
github.com/davidhoo/jsonpath/parser.go:463.10,464.26 1 0
github.com/davidhoo/jsonpath/parser.go:468.2,472.16 3 868
github.com/davidhoo/jsonpath/parser.go:472.16,474.3 1 479
github.com/davidhoo/jsonpath/parser.go:476.2,476.40 1 389
github.com/davidhoo/jsonpath/parser.go:480.68,482.38 1 899
github.com/davidhoo/jsonpath/parser.go:482.38,483.38 1 60
github.com/davidhoo/jsonpath/parser.go:483.38,485.4 1 20
github.com/davidhoo/jsonpath/parser.go:485.9,487.4 1 40
github.com/davidhoo/jsonpath/parser.go:491.2,491.42 1 859
github.com/davidhoo/jsonpath/parser.go:491.42,493.59 2 2
github.com/davidhoo/jsonpath/parser.go:493.59,495.4 1 0
github.com/davidhoo/jsonpath/parser.go:497.3,501.37 3 2
github.com/davidhoo/jsonpath/parser.go:501.37,503.4 1 0
github.com/davidhoo/jsonpath/parser.go:506.3,512.9 2 2
github.com/davidhoo/jsonpath/parser.go:516.2,522.31 5 857
github.com/davidhoo/jsonpath/parser.go:522.31,524.16 2 3345
github.com/davidhoo/jsonpath/parser.go:524.16,529.29 4 684
github.com/davidhoo/jsonpath/parser.go:529.29,530.23 1 2255
github.com/davidhoo/jsonpath/parser.go:531.14,532.26 1 0
github.com/davidhoo/jsonpath/parser.go:533.14,534.16 1 0
github.com/davidhoo/jsonpath/parser.go:535.14,536.16 1 0
github.com/davidhoo/jsonpath/parser.go:539.4,539.32 1 684
github.com/davidhoo/jsonpath/parser.go:539.32,541.5 1 0
github.com/davidhoo/jsonpath/parser.go:542.4,542.15 1 684
github.com/davidhoo/jsonpath/parser.go:542.15,546.10 4 684
github.com/davidhoo/jsonpath/parser.go:551.2,551.20 1 857
github.com/davidhoo/jsonpath/parser.go:551.20,553.3 1 173
github.com/davidhoo/jsonpath/parser.go:556.2,561.16 4 684
github.com/davidhoo/jsonpath/parser.go:561.16,563.3 1 266
github.com/davidhoo/jsonpath/parser.go:565.2,569.8 1 418
github.com/davidhoo/jsonpath/parser.go:573.91,584.31 2 798
github.com/davidhoo/jsonpath/parser.go:584.31,586.3 1 1
github.com/davidhoo/jsonpath/parser.go:589.2,589.36 1 797
github.com/davidhoo/jsonpath/parser.go:589.36,590.19 1 51
github.com/davidhoo/jsonpath/parser.go:591.13,592.32 1 23
github.com/davidhoo/jsonpath/parser.go:593.13,594.32 1 12
github.com/davidhoo/jsonpath/parser.go:595.11,596.77 1 16
github.com/davidhoo/jsonpath/parser.go:601.2,602.11 2 746
github.com/davidhoo/jsonpath/parser.go:602.11,603.19 1 269
github.com/davidhoo/jsonpath/parser.go:604.13,605.28 1 159
github.com/davidhoo/jsonpath/parser.go:606.13,607.28 1 12
github.com/davidhoo/jsonpath/parser.go:608.12,609.27 1 45
github.com/davidhoo/jsonpath/parser.go:610.12,611.27 1 34
github.com/davidhoo/jsonpath/parser.go:612.13,613.28 1 8
github.com/davidhoo/jsonpath/parser.go:614.13,615.28 1 11
github.com/davidhoo/jsonpath/parser.go:616.11,617.74 1 0
github.com/davidhoo/jsonpath/parser.go:622.2,622.37 1 477
github.com/davidhoo/jsonpath/parser.go:622.37,623.38 1 378
github.com/davidhoo/jsonpath/parser.go:623.38,624.20 1 266
github.com/davidhoo/jsonpath/parser.go:625.14,626.29 1 116
github.com/davidhoo/jsonpath/parser.go:627.14,628.29 1 67
github.com/davidhoo/jsonpath/parser.go:629.13,630.28 1 27
github.com/davidhoo/jsonpath/parser.go:631.13,632.28 1 16
github.com/davidhoo/jsonpath/parser.go:633.14,634.29 1 24
github.com/davidhoo/jsonpath/parser.go:635.14,636.29 1 16
github.com/davidhoo/jsonpath/parser.go:637.17,639.19 2 0
github.com/davidhoo/jsonpath/parser.go:639.19,641.6 1 0
github.com/davidhoo/jsonpath/parser.go:642.5,642.37 1 0
github.com/davidhoo/jsonpath/parser.go:643.12,644.75 1 0
github.com/davidhoo/jsonpath/parser.go:647.3,647.26 1 112
github.com/davidhoo/jsonpath/parser.go:647.26,649.4 1 0
github.com/davidhoo/jsonpath/parser.go:651.2,651.25 1 211
github.com/davidhoo/jsonpath/parser.go:651.25,653.3 1 0
github.com/davidhoo/jsonpath/parser.go:656.2,656.36 1 211
github.com/davidhoo/jsonpath/parser.go:656.36,657.37 1 71
github.com/davidhoo/jsonpath/parser.go:657.37,658.20 1 55
github.com/davidhoo/jsonpath/parser.go:659.14,660.31 1 15
github.com/davidhoo/jsonpath/parser.go:661.14,662.31 1 8
github.com/davidhoo/jsonpath/parser.go:663.12,664.76 1 32
github.com/davidhoo/jsonpath/parser.go:669.2,669.63 1 156
github.com/davidhoo/jsonpath/parser.go:673.76,678.28 3 746
github.com/davidhoo/jsonpath/parser.go:679.15,680.22 1 288
github.com/davidhoo/jsonpath/parser.go:681.13,682.31 1 0
github.com/davidhoo/jsonpath/parser.go:683.11,684.31 1 5
github.com/davidhoo/jsonpath/parser.go:688.2,688.28 1 746
github.com/davidhoo/jsonpath/parser.go:689.15,690.22 1 369
github.com/davidhoo/jsonpath/parser.go:691.13,692.31 1 0
github.com/davidhoo/jsonpath/parser.go:693.11,694.31 1 0
github.com/davidhoo/jsonpath/parser.go:697.2,697.31 1 746
github.com/davidhoo/jsonpath/parser.go:701.63,703.2 1 20
github.com/davidhoo/jsonpath/parser.go:706.72,712.17 3 853
github.com/davidhoo/jsonpath/parser.go:712.17,714.3 1 4
github.com/davidhoo/jsonpath/parser.go:717.2,720.29 3 849
github.com/davidhoo/jsonpath/parser.go:720.29,723.10 2 853
github.com/davidhoo/jsonpath/parser.go:723.10,725.4 1 0
github.com/davidhoo/jsonpath/parser.go:728.3,730.14 3 853
github.com/davidhoo/jsonpath/parser.go:730.14,732.4 1 46
github.com/davidhoo/jsonpath/parser.go:735.2,735.21 1 803
github.com/davidhoo/jsonpath/parser.go:739.39,740.13 1 47
github.com/davidhoo/jsonpath/parser.go:740.13,742.3 1 0
github.com/davidhoo/jsonpath/parser.go:745.2,746.89 2 47
github.com/davidhoo/jsonpath/parser.go:746.89,748.3 1 44
github.com/davidhoo/jsonpath/parser.go:751.2,751.30 1 3
github.com/davidhoo/jsonpath/parser.go:751.30,753.96 2 5
github.com/davidhoo/jsonpath/parser.go:753.96,755.4 1 0
github.com/davidhoo/jsonpath/parser.go:758.2,758.13 1 3
github.com/davidhoo/jsonpath/parser.go:762.62,764.37 1 112
github.com/davidhoo/jsonpath/parser.go:764.37,766.3 1 5
github.com/davidhoo/jsonpath/parser.go:767.2,767.37 1 107
github.com/davidhoo/jsonpath/parser.go:767.37,769.3 1 5
github.com/davidhoo/jsonpath/parser.go:771.2,774.29 2 102
github.com/davidhoo/jsonpath/parser.go:774.29,775.36 1 214
github.com/davidhoo/jsonpath/parser.go:775.36,777.4 1 1
github.com/davidhoo/jsonpath/parser.go:782.2,784.29 3 101
github.com/davidhoo/jsonpath/parser.go:784.29,788.75 2 132
github.com/davidhoo/jsonpath/parser.go:788.75,791.9 3 58
github.com/davidhoo/jsonpath/parser.go:794.3,794.50 1 74
github.com/davidhoo/jsonpath/parser.go:794.50,798.9 2 30
github.com/davidhoo/jsonpath/parser.go:803.2,803.34 1 101
github.com/davidhoo/jsonpath/parser.go:803.34,806.30 2 58
github.com/davidhoo/jsonpath/parser.go:806.30,810.76 2 116
github.com/davidhoo/jsonpath/parser.go:810.76,812.5 1 107
github.com/davidhoo/jsonpath/parser.go:812.10,815.5 1 9
github.com/davidhoo/jsonpath/parser.go:817.3,817.46 1 58
github.com/davidhoo/jsonpath/parser.go:821.2,821.35 1 43
github.com/davidhoo/jsonpath/parser.go:821.35,826.30 3 30
github.com/davidhoo/jsonpath/parser.go:826.30,828.51 2 65
github.com/davidhoo/jsonpath/parser.go:828.51,831.36 2 47
github.com/davidhoo/jsonpath/parser.go:831.36,833.6 1 44
github.com/davidhoo/jsonpath/parser.go:834.10,837.5 1 18
github.com/davidhoo/jsonpath/parser.go:841.3,841.36 1 30
github.com/davidhoo/jsonpath/parser.go:841.36,843.4 1 29
github.com/davidhoo/jsonpath/parser.go:845.3,845.20 1 1
github.com/davidhoo/jsonpath/parser.go:845.20,848.31 2 1
github.com/davidhoo/jsonpath/parser.go:848.31,851.5 2 2
github.com/davidhoo/jsonpath/parser.go:852.4,852.47 1 1
github.com/davidhoo/jsonpath/parser.go:857.2,858.29 2 13
github.com/davidhoo/jsonpath/parser.go:858.29,861.17 3 31
github.com/davidhoo/jsonpath/parser.go:861.17,863.4 1 0
github.com/davidhoo/jsonpath/parser.go:864.3,864.33 1 31
github.com/davidhoo/jsonpath/parser.go:867.2,867.50 1 13
github.com/davidhoo/jsonpath/parser.go:871.57,873.20 2 374
github.com/davidhoo/jsonpath/parser.go:873.20,875.3 1 5
github.com/davidhoo/jsonpath/parser.go:877.2,880.20 2 369
github.com/davidhoo/jsonpath/parser.go:880.20,882.17 2 246
github.com/davidhoo/jsonpath/parser.go:882.17,884.4 1 33
github.com/davidhoo/jsonpath/parser.go:885.3,885.22 1 213
github.com/davidhoo/jsonpath/parser.go:889.2,889.38 1 336
github.com/davidhoo/jsonpath/parser.go:889.38,891.17 2 221
github.com/davidhoo/jsonpath/parser.go:891.17,893.4 1 49
github.com/davidhoo/jsonpath/parser.go:894.3,894.18 1 172
github.com/davidhoo/jsonpath/parser.go:898.2,898.38 1 287
github.com/davidhoo/jsonpath/parser.go:898.38,900.17 2 146
github.com/davidhoo/jsonpath/parser.go:900.17,902.4 1 37
github.com/davidhoo/jsonpath/parser.go:903.3,903.16 1 109
github.com/davidhoo/jsonpath/parser.go:903.16,905.4 1 9
github.com/davidhoo/jsonpath/parser.go:906.3,906.20 1 100
github.com/davidhoo/jsonpath/parser.go:909.2,909.19 1 241
github.com/davidhoo/jsonpath/parser.go:913.56,915.37 1 765
github.com/davidhoo/jsonpath/parser.go:915.37,917.3 1 4
github.com/davidhoo/jsonpath/parser.go:920.2,920.51 1 761
github.com/davidhoo/jsonpath/parser.go:920.51,922.3 1 71
github.com/davidhoo/jsonpath/parser.go:925.2,925.92 1 690
github.com/davidhoo/jsonpath/parser.go:925.92,927.3 1 263
github.com/davidhoo/jsonpath/parser.go:930.2,930.94 1 427
github.com/davidhoo/jsonpath/parser.go:930.94,932.3 1 338
github.com/davidhoo/jsonpath/parser.go:934.2,934.41 1 89
github.com/davidhoo/jsonpath/parser.go:938.57,941.21 2 26
github.com/davidhoo/jsonpath/parser.go:941.21,943.3 1 1
github.com/davidhoo/jsonpath/parser.go:946.2,946.38 1 25
github.com/davidhoo/jsonpath/parser.go:946.38,948.3 1 1
github.com/davidhoo/jsonpath/parser.go:950.2,955.19 4 24
github.com/davidhoo/jsonpath/parser.go:955.19,958.32 2 20
github.com/davidhoo/jsonpath/parser.go:958.32,960.17 2 34
github.com/davidhoo/jsonpath/parser.go:960.17,961.13 1 1
github.com/davidhoo/jsonpath/parser.go:964.4,964.59 1 33
github.com/davidhoo/jsonpath/parser.go:964.59,966.13 2 17
github.com/davidhoo/jsonpath/parser.go:969.4,969.66 1 16
github.com/davidhoo/jsonpath/parser.go:969.66,974.13 4 13
github.com/davidhoo/jsonpath/parser.go:976.4,976.64 1 3
github.com/davidhoo/jsonpath/parser.go:980.2,980.54 1 21
github.com/davidhoo/jsonpath/parser.go:984.61,988.24 2 684
github.com/davidhoo/jsonpath/parser.go:988.24,990.3 1 33
github.com/davidhoo/jsonpath/parser.go:993.2,993.24 1 651
github.com/davidhoo/jsonpath/parser.go:993.24,995.3 1 27
github.com/davidhoo/jsonpath/parser.go:996.2,996.25 1 624
github.com/davidhoo/jsonpath/parser.go:996.25,998.3 1 24
github.com/davidhoo/jsonpath/parser.go:1001.2,1002.76 1 600
github.com/davidhoo/jsonpath/parser.go:1002.76,1004.3 1 147
github.com/davidhoo/jsonpath/parser.go:1007.2,1007.62 1 453
github.com/davidhoo/jsonpath/parser.go:1007.62,1009.3 1 187
github.com/davidhoo/jsonpath/parser.go:1012.2,1012.55 1 266
github.com/davidhoo/jsonpath/segments.go:25.63,26.19 1 23
github.com/davidhoo/jsonpath/segments.go:26.19,28.3 1 0
github.com/davidhoo/jsonpath/segments.go:31.2,37.29 6 23
github.com/davidhoo/jsonpath/segments.go:37.29,38.10 1 161
github.com/davidhoo/jsonpath/segments.go:39.32,40.16 1 34
github.com/davidhoo/jsonpath/segments.go:40.16,43.5 2 17
github.com/davidhoo/jsonpath/segments.go:43.10,43.30 1 17
github.com/davidhoo/jsonpath/segments.go:43.30,45.5 1 17
github.com/davidhoo/jsonpath/segments.go:46.4,46.28 1 34
github.com/davidhoo/jsonpath/segments.go:47.18,49.28 2 5
github.com/davidhoo/jsonpath/segments.go:50.18,52.28 2 5
github.com/davidhoo/jsonpath/segments.go:53.47,56.17 2 2
github.com/davidhoo/jsonpath/segments.go:56.17,58.19 2 2
github.com/davidhoo/jsonpath/segments.go:58.19,60.6 1 0
github.com/davidhoo/jsonpath/segments.go:61.5,61.35 1 2
github.com/davidhoo/jsonpath/segments.go:63.4,63.22 1 2
github.com/davidhoo/jsonpath/segments.go:64.11,65.28 1 115
github.com/davidhoo/jsonpath/segments.go:70.2,71.15 2 23
github.com/davidhoo/jsonpath/segments.go:71.15,73.17 2 23
github.com/davidhoo/jsonpath/segments.go:73.17,75.4 1 0
github.com/davidhoo/jsonpath/segments.go:76.3,76.33 1 23
github.com/davidhoo/jsonpath/segments.go:79.2,79.18 1 23
github.com/davidhoo/jsonpath/segments.go:83.54,85.57 1 25
github.com/davidhoo/jsonpath/segments.go:85.57,87.3 1 8
github.com/davidhoo/jsonpath/segments.go:90.2,91.66 1 17
github.com/davidhoo/jsonpath/segments.go:91.66,93.3 1 16
github.com/davidhoo/jsonpath/segments.go:96.2,96.64 1 1
github.com/davidhoo/jsonpath/segments.go:96.64,98.59 2 1
github.com/davidhoo/jsonpath/segments.go:98.59,100.4 1 1
github.com/davidhoo/jsonpath/segments.go:103.2,103.60 1 0
github.com/davidhoo/jsonpath/segments.go:106.74,108.35 1 939
github.com/davidhoo/jsonpath/segments.go:108.35,112.68 3 65
github.com/davidhoo/jsonpath/segments.go:112.68,114.4 1 1
github.com/davidhoo/jsonpath/segments.go:117.3,122.17 4 64
github.com/davidhoo/jsonpath/segments.go:122.17,124.4 1 1
github.com/davidhoo/jsonpath/segments.go:127.3,128.20 2 63
github.com/davidhoo/jsonpath/segments.go:128.20,130.18 2 23
github.com/davidhoo/jsonpath/segments.go:130.18,132.5 1 0
github.com/davidhoo/jsonpath/segments.go:133.4,133.54 1 23
github.com/davidhoo/jsonpath/segments.go:134.9,136.4 1 40
github.com/davidhoo/jsonpath/segments.go:139.3,140.17 2 63
github.com/davidhoo/jsonpath/segments.go:140.17,142.4 1 25
github.com/davidhoo/jsonpath/segments.go:145.3,145.29 1 38
github.com/davidhoo/jsonpath/segments.go:146.12,147.23 1 0
github.com/davidhoo/jsonpath/segments.go:148.14,149.23 1 10
github.com/davidhoo/jsonpath/segments.go:150.14,151.23 1 0
github.com/davidhoo/jsonpath/segments.go:152.16,153.23 1 0
github.com/davidhoo/jsonpath/segments.go:156.3,156.36 1 38
github.com/davidhoo/jsonpath/segments.go:160.2,161.9 2 874
github.com/davidhoo/jsonpath/segments.go:161.9,163.3 1 141
github.com/davidhoo/jsonpath/segments.go:165.2,166.13 2 733
github.com/davidhoo/jsonpath/segments.go:166.13,168.3 1 529
github.com/davidhoo/jsonpath/segments.go:170.2,170.32 1 204
github.com/davidhoo/jsonpath/segments.go:173.39,175.2 1 1
github.com/davidhoo/jsonpath/segments.go:182.75,184.9 2 76
github.com/davidhoo/jsonpath/segments.go:184.9,186.3 1 33
github.com/davidhoo/jsonpath/segments.go:188.2,189.32 2 43
github.com/davidhoo/jsonpath/segments.go:189.32,191.3 1 19
github.com/davidhoo/jsonpath/segments.go:193.2,193.37 1 24
github.com/davidhoo/jsonpath/segments.go:196.55,197.17 1 49
github.com/davidhoo/jsonpath/segments.go:197.17,199.3 1 22
github.com/davidhoo/jsonpath/segments.go:200.2,200.16 1 27
github.com/davidhoo/jsonpath/segments.go:203.40,205.2 1 3
github.com/davidhoo/jsonpath/segments.go:210.78,211.27 1 78
github.com/davidhoo/jsonpath/segments.go:212.21,213.16 1 27
github.com/davidhoo/jsonpath/segments.go:214.30,215.28 1 23
github.com/davidhoo/jsonpath/segments.go:216.10,217.62 1 28
github.com/davidhoo/jsonpath/segments.go:221.57,223.22 2 29
github.com/davidhoo/jsonpath/segments.go:223.22,225.3 1 49
github.com/davidhoo/jsonpath/segments.go:226.2,226.15 1 29
github.com/davidhoo/jsonpath/segments.go:229.43,231.2 1 1
github.com/davidhoo/jsonpath/segments.go:236.79,240.2 3 68
github.com/davidhoo/jsonpath/segments.go:242.93,243.27 1 258
github.com/davidhoo/jsonpath/segments.go:244.21,245.39 1 50
github.com/davidhoo/jsonpath/segments.go:246.30,247.40 1 86
github.com/davidhoo/jsonpath/segments.go:248.10,249.13 1 122
github.com/davidhoo/jsonpath/segments.go:253.93,254.27 1 50
github.com/davidhoo/jsonpath/segments.go:254.27,256.58 2 88
github.com/davidhoo/jsonpath/segments.go:256.58,258.4 1 0
github.com/davidhoo/jsonpath/segments.go:260.2,260.12 1 50
github.com/davidhoo/jsonpath/segments.go:263.103,264.28 1 86
github.com/davidhoo/jsonpath/segments.go:264.28,266.59 2 102
github.com/davidhoo/jsonpath/segments.go:266.59,268.4 1 0
github.com/davidhoo/jsonpath/segments.go:270.2,270.12 1 86
github.com/davidhoo/jsonpath/segments.go:273.44,275.2 1 1
github.com/davidhoo/jsonpath/segments.go:283.42,284.13 1 9
github.com/davidhoo/jsonpath/segments.go:284.13,286.3 1 4
github.com/davidhoo/jsonpath/segments.go:287.2,287.13 1 9
github.com/davidhoo/jsonpath/segments.go:287.13,289.3 1 2
github.com/davidhoo/jsonpath/segments.go:290.2,290.18 1 9
github.com/davidhoo/jsonpath/segments.go:290.18,292.3 1 2
github.com/davidhoo/jsonpath/segments.go:293.2,293.12 1 9
github.com/davidhoo/jsonpath/segments.go:297.34,298.15 1 5
github.com/davidhoo/jsonpath/segments.go:298.15,300.3 1 1
github.com/davidhoo/jsonpath/segments.go:301.2,301.13 1 4
github.com/davidhoo/jsonpath/segments.go:305.74,307.15 2 180
github.com/davidhoo/jsonpath/segments.go:307.15,309.3 1 1
github.com/davidhoo/jsonpath/segments.go:312.2,313.16 2 180
github.com/davidhoo/jsonpath/segments.go:313.16,314.15 1 64
github.com/davidhoo/jsonpath/segments.go:314.15,316.4 1 42
github.com/davidhoo/jsonpath/segments.go:316.9,318.4 1 22
github.com/davidhoo/jsonpath/segments.go:319.8,319.22 1 116
github.com/davidhoo/jsonpath/segments.go:319.22,321.16 2 47
github.com/davidhoo/jsonpath/segments.go:321.16,322.16 1 9
github.com/davidhoo/jsonpath/segments.go:322.16,324.5 1 9
github.com/davidhoo/jsonpath/segments.go:324.10,326.5 1 0
github.com/davidhoo/jsonpath/segments.go:328.8,328.28 1 69
github.com/davidhoo/jsonpath/segments.go:328.28,329.15 1 10
github.com/davidhoo/jsonpath/segments.go:329.15,331.4 1 6
github.com/davidhoo/jsonpath/segments.go:331.9,333.4 1 4
github.com/davidhoo/jsonpath/segments.go:337.2,338.14 2 180
github.com/davidhoo/jsonpath/segments.go:338.14,339.15 1 71
github.com/davidhoo/jsonpath/segments.go:339.15,341.4 1 36
github.com/davidhoo/jsonpath/segments.go:341.9,343.4 1 35
github.com/davidhoo/jsonpath/segments.go:344.8,344.20 1 109
github.com/davidhoo/jsonpath/segments.go:344.20,346.14 2 42
github.com/davidhoo/jsonpath/segments.go:346.14,347.16 1 9
github.com/davidhoo/jsonpath/segments.go:347.16,349.5 1 5
github.com/davidhoo/jsonpath/segments.go:349.10,351.5 1 4
github.com/davidhoo/jsonpath/segments.go:353.8,353.26 1 67
github.com/davidhoo/jsonpath/segments.go:353.26,354.15 1 25
github.com/davidhoo/jsonpath/segments.go:354.15,356.4 1 25
github.com/davidhoo/jsonpath/segments.go:356.9,358.4 1 0
github.com/davidhoo/jsonpath/segments.go:361.2,361.25 1 180
github.com/davidhoo/jsonpath/segments.go:365.50,367.15 1 176
github.com/davidhoo/jsonpath/segments.go:367.15,369.3 1 1
github.com/davidhoo/jsonpath/segments.go:372.2,372.30 1 176
github.com/davidhoo/jsonpath/segments.go:372.30,374.3 1 34
github.com/davidhoo/jsonpath/segments.go:375.2,375.30 1 142
github.com/davidhoo/jsonpath/segments.go:375.30,377.3 1 9
github.com/davidhoo/jsonpath/segments.go:380.2,381.14 2 133
github.com/davidhoo/jsonpath/segments.go:381.14,383.3 1 79
github.com/davidhoo/jsonpath/segments.go:383.8,385.3 1 54
github.com/davidhoo/jsonpath/segments.go:388.2,391.14 2 133
github.com/davidhoo/jsonpath/segments.go:391.14,392.38 1 79
github.com/davidhoo/jsonpath/segments.go:392.38,394.4 1 266
github.com/davidhoo/jsonpath/segments.go:395.8,396.38 1 54
github.com/davidhoo/jsonpath/segments.go:396.38,398.4 1 232
github.com/davidhoo/jsonpath/segments.go:401.2,401.16 1 133
github.com/davidhoo/jsonpath/segments.go:405.71,407.30 2 8
github.com/davidhoo/jsonpath/segments.go:407.30,408.33 1 26
github.com/davidhoo/jsonpath/segments.go:408.33,410.4 1 18
github.com/davidhoo/jsonpath/segments.go:412.2,412.15 1 8
github.com/davidhoo/jsonpath/segments.go:416.75,419.9 2 244
github.com/davidhoo/jsonpath/segments.go:419.9,421.3 1 74
github.com/davidhoo/jsonpath/segments.go:424.2,428.23 3 170
github.com/davidhoo/jsonpath/segments.go:428.23,430.3 1 41
github.com/davidhoo/jsonpath/segments.go:433.2,434.30 2 129
github.com/davidhoo/jsonpath/segments.go:434.30,435.33 1 486
github.com/davidhoo/jsonpath/segments.go:435.33,437.4 1 486
github.com/davidhoo/jsonpath/segments.go:440.2,440.20 1 129
github.com/davidhoo/jsonpath/segments.go:444.40,450.17 6 3
github.com/davidhoo/jsonpath/segments.go:450.17,453.3 2 1
github.com/davidhoo/jsonpath/segments.go:454.2,455.24 2 3
github.com/davidhoo/jsonpath/segments.go:464.75,466.17 1 405
github.com/davidhoo/jsonpath/segments.go:466.17,468.3 1 12
github.com/davidhoo/jsonpath/segments.go:471.2,471.19 1 393
github.com/davidhoo/jsonpath/segments.go:471.19,473.3 1 1
github.com/davidhoo/jsonpath/segments.go:476.2,476.48 1 392
github.com/davidhoo/jsonpath/segments.go:476.48,478.17 2 46
github.com/davidhoo/jsonpath/segments.go:478.17,480.4 1 4
github.com/davidhoo/jsonpath/segments.go:481.3,481.13 1 42
github.com/davidhoo/jsonpath/segments.go:481.13,483.4 1 9
github.com/davidhoo/jsonpath/segments.go:484.3,484.18 1 33
github.com/davidhoo/jsonpath/segments.go:488.2,488.41 1 346
github.com/davidhoo/jsonpath/segments.go:488.41,490.28 2 345
github.com/davidhoo/jsonpath/segments.go:490.28,491.50 1 821
github.com/davidhoo/jsonpath/segments.go:491.50,493.19 2 758
github.com/davidhoo/jsonpath/segments.go:493.19,495.6 1 201
github.com/davidhoo/jsonpath/segments.go:496.5,496.15 1 557
github.com/davidhoo/jsonpath/segments.go:496.15,498.6 1 283
github.com/davidhoo/jsonpath/segments.go:501.3,501.22 1 144
github.com/davidhoo/jsonpath/segments.go:504.2,504.17 1 1
github.com/davidhoo/jsonpath/segments.go:508.41,510.2 1 4
github.com/davidhoo/jsonpath/segments.go:512.41,513.26 1 11
github.com/davidhoo/jsonpath/segments.go:514.22,515.25 1 8
github.com/davidhoo/jsonpath/segments.go:516.16,518.36 2 2
github.com/davidhoo/jsonpath/segments.go:518.36,520.4 1 5
github.com/davidhoo/jsonpath/segments.go:521.3,521.37 1 2
github.com/davidhoo/jsonpath/segments.go:522.15,524.36 2 1
github.com/davidhoo/jsonpath/segments.go:524.36,526.4 1 2
github.com/davidhoo/jsonpath/segments.go:527.3,527.37 1 1
github.com/davidhoo/jsonpath/segments.go:528.10,529.12 1 0
github.com/davidhoo/jsonpath/segments.go:534.42,537.35 3 8
github.com/davidhoo/jsonpath/segments.go:537.35,539.3 1 2
github.com/davidhoo/jsonpath/segments.go:540.2,540.60 1 8
github.com/davidhoo/jsonpath/segments.go:548.80,550.9 2 17
github.com/davidhoo/jsonpath/segments.go:550.9,552.3 1 2
github.com/davidhoo/jsonpath/segments.go:554.2,557.32 3 15
github.com/davidhoo/jsonpath/segments.go:557.32,559.14 1 34
github.com/davidhoo/jsonpath/segments.go:559.14,561.4 1 4
github.com/davidhoo/jsonpath/segments.go:564.3,564.31 1 34
github.com/davidhoo/jsonpath/segments.go:564.31,566.4 1 28
github.com/davidhoo/jsonpath/segments.go:569.2,569.20 1 15
github.com/davidhoo/jsonpath/segments.go:572.45,574.32 2 1
github.com/davidhoo/jsonpath/segments.go:574.32,576.3 1 3
github.com/davidhoo/jsonpath/segments.go:577.2,577.56 1 1
github.com/davidhoo/jsonpath/segments.go:586.78,589.16 2 8
github.com/davidhoo/jsonpath/segments.go:589.16,591.3 1 1
github.com/davidhoo/jsonpath/segments.go:594.2,595.22 2 7
github.com/davidhoo/jsonpath/segments.go:595.22,598.3 1 1
github.com/davidhoo/jsonpath/segments.go:598.8,601.3 1 6
github.com/davidhoo/jsonpath/segments.go:604.2,605.16 2 7
github.com/davidhoo/jsonpath/segments.go:605.16,607.3 1 3
github.com/davidhoo/jsonpath/segments.go:610.2,610.19 1 4
github.com/davidhoo/jsonpath/segments.go:610.19,612.3 1 0
github.com/davidhoo/jsonpath/segments.go:615.2,615.28 1 4
github.com/davidhoo/jsonpath/segments.go:616.11,617.22 1 0
github.com/davidhoo/jsonpath/segments.go:618.13,619.22 1 0
github.com/davidhoo/jsonpath/segments.go:620.13,621.22 1 3
github.com/davidhoo/jsonpath/segments.go:622.15,623.22 1 0
github.com/davidhoo/jsonpath/segments.go:627.2,627.43 1 4
github.com/davidhoo/jsonpath/segments.go:627.43,629.3 1 0
github.com/davidhoo/jsonpath/segments.go:632.2,632.35 1 4
github.com/davidhoo/jsonpath/segments.go:635.43,637.29 2 5
github.com/davidhoo/jsonpath/segments.go:637.29,638.26 1 7
github.com/davidhoo/jsonpath/segments.go:639.15,640.36 1 2
github.com/davidhoo/jsonpath/segments.go:641.16,642.49 1 5
github.com/davidhoo/jsonpath/segments.go:643.12,644.29 1 0
github.com/davidhoo/jsonpath/segments.go:645.13,646.35 1 0
github.com/davidhoo/jsonpath/segments.go:647.12,648.20 1 0
github.com/davidhoo/jsonpath/segments.go:649.11,650.34 1 0
github.com/davidhoo/jsonpath/segments.go:653.2,653.63 1 5
github.com/davidhoo/jsonpath/segments.go:661.79,663.9 2 75
github.com/davidhoo/jsonpath/segments.go:663.9,665.3 1 14
github.com/davidhoo/jsonpath/segments.go:667.2,669.31 2 61
github.com/davidhoo/jsonpath/segments.go:669.31,671.39 1 123
github.com/davidhoo/jsonpath/segments.go:671.39,673.4 1 118
github.com/davidhoo/jsonpath/segments.go:676.2,676.20 1 61
github.com/davidhoo/jsonpath/segments.go:679.44,681.31 2 0
github.com/davidhoo/jsonpath/segments.go:681.31,683.3 1 0
github.com/davidhoo/jsonpath/segments.go:684.2,684.54 1 0
github.com/davidhoo/jsonpath/stringCompare.go:17.57,22.2 1 46
github.com/davidhoo/jsonpath/stringCompare.go:31.70,33.19 2 46
github.com/davidhoo/jsonpath/stringCompare.go:33.19,35.3 1 4
github.com/davidhoo/jsonpath/stringCompare.go:37.2,40.3 1 46
github.com/davidhoo/jsonpath/stringCompare.go:49.52,50.30 1 46
github.com/davidhoo/jsonpath/stringCompare.go:50.30,52.44 1 44
github.com/davidhoo/jsonpath/stringCompare.go:52.44,54.4 1 42
github.com/davidhoo/jsonpath/stringCompare.go:56.3,57.17 2 2
github.com/davidhoo/jsonpath/stringCompare.go:57.17,59.4 1 2
github.com/davidhoo/jsonpath/stringCompare.go:59.9,59.24 1 0
github.com/davidhoo/jsonpath/stringCompare.go:59.24,61.4 1 0
github.com/davidhoo/jsonpath/stringCompare.go:62.3,62.11 1 0
github.com/davidhoo/jsonpath/stringCompare.go:66.2,67.16 2 2
github.com/davidhoo/jsonpath/stringCompare.go:67.16,69.3 1 1
github.com/davidhoo/jsonpath/stringCompare.go:69.8,69.23 1 1
github.com/davidhoo/jsonpath/stringCompare.go:69.23,71.3 1 0
github.com/davidhoo/jsonpath/stringCompare.go:72.2,72.10 1 1
github.com/davidhoo/jsonpath/stringCompare.go:76.52,78.2 1 22
github.com/davidhoo/jsonpath/stringCompare.go:81.54,83.2 1 9
github.com/davidhoo/jsonpath/stringCompare.go:86.61,88.2 1 3
github.com/davidhoo/jsonpath/stringCompare.go:91.57,93.2 1 6
github.com/davidhoo/jsonpath/stringCompare.go:96.64,98.2 1 3
github.com/davidhoo/jsonpath/stringCompare.go:101.71,104.18 2 41
github.com/davidhoo/jsonpath/stringCompare.go:105.12,106.25 1 12
github.com/davidhoo/jsonpath/stringCompare.go:107.12,108.26 1 8
github.com/davidhoo/jsonpath/stringCompare.go:109.11,110.27 1 7
github.com/davidhoo/jsonpath/stringCompare.go:111.12,112.34 1 3
github.com/davidhoo/jsonpath/stringCompare.go:113.11,114.30 1 6
github.com/davidhoo/jsonpath/stringCompare.go:115.12,116.37 1 3
github.com/davidhoo/jsonpath/stringCompare.go:118.2,118.14 1 2
github.com/davidhoo/jsonpath/types.go:25.66,27.2 1 853
github.com/davidhoo/jsonpath/types.go:34.60,35.35 1 36
github.com/davidhoo/jsonpath/types.go:35.35,37.17 2 64
github.com/davidhoo/jsonpath/types.go:37.17,39.4 1 0
github.com/davidhoo/jsonpath/types.go:40.3,40.14 1 64
github.com/davidhoo/jsonpath/types.go:40.14,42.4 1 21
github.com/davidhoo/jsonpath/types.go:44.2,44.18 1 15
github.com/davidhoo/jsonpath/types.go:52.59,53.35 1 33
github.com/davidhoo/jsonpath/types.go:53.35,55.17 2 54
github.com/davidhoo/jsonpath/types.go:55.17,57.4 1 0
github.com/davidhoo/jsonpath/types.go:58.3,58.13 1 54
github.com/davidhoo/jsonpath/types.go:58.13,60.4 1 22
github.com/davidhoo/jsonpath/types.go:62.2,62.19 1 11
github.com/davidhoo/jsonpath/types.go:66.84,68.16 2 853
github.com/davidhoo/jsonpath/types.go:68.16,70.3 1 46
github.com/davidhoo/jsonpath/types.go:72.2,72.23 1 807
github.com/davidhoo/jsonpath/types.go:73.15,75.10 2 9
github.com/davidhoo/jsonpath/types.go:75.10,77.4 1 0
github.com/davidhoo/jsonpath/types.go:78.3,79.10 2 9
github.com/davidhoo/jsonpath/types.go:79.10,81.4 1 0
github.com/davidhoo/jsonpath/types.go:82.3,83.17 2 9
github.com/davidhoo/jsonpath/types.go:83.17,85.4 1 1
github.com/davidhoo/jsonpath/types.go:86.3,86.34 1 8
github.com/davidhoo/jsonpath/types.go:87.10,89.17 2 798
github.com/davidhoo/jsonpath/types.go:89.17,91.4 1 205
github.com/davidhoo/jsonpath/types.go:92.3,92.21 1 593
github.com/davidhoo/jsonpath/version.go:7.33,9.2 1 1
github.com/davidhoo/jsonpath/cmd/jp/main.go:42.18,313.2 80 5
github.com/davidhoo/jsonpath/cmd/jp/main.go:316.21,321.2 1 2
github.com/davidhoo/jsonpath/cmd/jp/main.go:347.43,357.51 9 19
github.com/davidhoo/jsonpath/cmd/jp/main.go:357.51,359.3 1 2
github.com/davidhoo/jsonpath/cmd/jp/main.go:361.2,361.48 1 17
github.com/davidhoo/jsonpath/cmd/jp/main.go:361.48,363.3 1 4
github.com/davidhoo/jsonpath/cmd/jp/main.go:365.2,365.32 1 13
github.com/davidhoo/jsonpath/cmd/jp/main.go:369.36,370.10 1 17
github.com/davidhoo/jsonpath/cmd/jp/main.go:370.10,373.3 2 3
github.com/davidhoo/jsonpath/cmd/jp/main.go:374.2,374.13 1 14
github.com/davidhoo/jsonpath/cmd/jp/main.go:374.13,377.3 2 1
github.com/davidhoo/jsonpath/cmd/jp/main.go:378.2,378.12 1 13
github.com/davidhoo/jsonpath/cmd/jp/main.go:383.45,387.31 3 9
github.com/davidhoo/jsonpath/cmd/jp/main.go:387.31,389.3 1 7
github.com/davidhoo/jsonpath/cmd/jp/main.go:389.8,392.33 2 2
github.com/davidhoo/jsonpath/cmd/jp/main.go:392.33,395.18 2 0
github.com/davidhoo/jsonpath/cmd/jp/main.go:395.18,397.5 1 0
github.com/davidhoo/jsonpath/cmd/jp/main.go:401.3,401.40 1 2
github.com/davidhoo/jsonpath/cmd/jp/main.go:401.40,403.4 1 0
github.com/davidhoo/jsonpath/cmd/jp/main.go:406.3,406.38 1 2
github.com/davidhoo/jsonpath/cmd/jp/main.go:408.2,408.16 1 9
github.com/davidhoo/jsonpath/cmd/jp/main.go:408.16,410.3 1 0
github.com/davidhoo/jsonpath/cmd/jp/main.go:413.2,414.53 2 9
github.com/davidhoo/jsonpath/cmd/jp/main.go:414.53,416.3 1 2
github.com/davidhoo/jsonpath/cmd/jp/main.go:418.2,418.27 1 7
github.com/davidhoo/jsonpath/cmd/jp/main.go:422.58,424.36 1 11
github.com/davidhoo/jsonpath/cmd/jp/main.go:424.36,425.18 1 2
github.com/davidhoo/jsonpath/cmd/jp/main.go:425.18,427.4 1 1
github.com/davidhoo/jsonpath/cmd/jp/main.go:427.9,429.4 1 1
github.com/davidhoo/jsonpath/cmd/jp/main.go:430.3,430.13 1 2
github.com/davidhoo/jsonpath/cmd/jp/main.go:433.2,434.17 2 9
github.com/davidhoo/jsonpath/cmd/jp/main.go:434.17,437.17 2 3
github.com/davidhoo/jsonpath/cmd/jp/main.go:437.17,439.4 1 0
github.com/davidhoo/jsonpath/cmd/jp/main.go:440.3,440.29 1 3
github.com/davidhoo/jsonpath/cmd/jp/main.go:441.8,444.17 2 6
github.com/davidhoo/jsonpath/cmd/jp/main.go:444.17,446.4 1 1
github.com/davidhoo/jsonpath/cmd/jp/main.go:447.3,447.29 1 5
github.com/davidhoo/jsonpath/cmd/jp/main.go:450.2,450.17 1 8
github.com/davidhoo/jsonpath/cmd/jp/main.go:450.17,452.3 1 5
github.com/davidhoo/jsonpath/cmd/jp/main.go:452.8,454.3 1 3
github.com/davidhoo/jsonpath/cmd/jp/main.go:456.2,456.12 1 8
github.com/davidhoo/jsonpath/cmd/jp/main.go:460.42,468.32 7 17
github.com/davidhoo/jsonpath/cmd/jp/main.go:468.32,472.12 3 189
github.com/davidhoo/jsonpath/cmd/jp/main.go:473.12,474.20 1 40
github.com/davidhoo/jsonpath/cmd/jp/main.go:474.20,475.18 1 38
github.com/davidhoo/jsonpath/cmd/jp/main.go:475.18,478.15 2 19
github.com/davidhoo/jsonpath/cmd/jp/main.go:478.15,480.7 1 11
github.com/davidhoo/jsonpath/cmd/jp/main.go:480.12,482.7 1 8
github.com/davidhoo/jsonpath/cmd/jp/main.go:483.6,483.26 1 19
github.com/davidhoo/jsonpath/cmd/jp/main.go:484.11,487.15 2 19
github.com/davidhoo/jsonpath/cmd/jp/main.go:487.15,491.7 3 11
github.com/davidhoo/jsonpath/cmd/jp/main.go:491.12,494.7 2 8
github.com/davidhoo/jsonpath/cmd/jp/main.go:496.10,498.5 1 2
github.com/davidhoo/jsonpath/cmd/jp/main.go:500.17,501.17 1 24
github.com/davidhoo/jsonpath/cmd/jp/main.go:501.17,503.17 2 24
github.com/davidhoo/jsonpath/cmd/jp/main.go:503.17,506.6 2 12
github.com/davidhoo/jsonpath/cmd/jp/main.go:507.10,509.5 1 0
github.com/davidhoo/jsonpath/cmd/jp/main.go:511.17,512.17 1 4
github.com/davidhoo/jsonpath/cmd/jp/main.go:512.17,514.17 2 4
github.com/davidhoo/jsonpath/cmd/jp/main.go:514.17,517.6 2 2
github.com/davidhoo/jsonpath/cmd/jp/main.go:517.11,519.6 1 2
github.com/davidhoo/jsonpath/cmd/jp/main.go:520.10,522.5 1 0
github.com/davidhoo/jsonpath/cmd/jp/main.go:524.12,525.17 1 3
github.com/davidhoo/jsonpath/cmd/jp/main.go:525.17,527.17 2 3
github.com/davidhoo/jsonpath/cmd/jp/main.go:527.17,529.6 1 0
github.com/davidhoo/jsonpath/cmd/jp/main.go:530.10,532.5 1 0
github.com/davidhoo/jsonpath/cmd/jp/main.go:534.12,535.17 1 11
github.com/davidhoo/jsonpath/cmd/jp/main.go:535.17,538.5 2 11
github.com/davidhoo/jsonpath/cmd/jp/main.go:538.10,540.5 1 0
github.com/davidhoo/jsonpath/cmd/jp/main.go:542.11,543.17 1 107
github.com/davidhoo/jsonpath/cmd/jp/main.go:543.17,545.12 1 20
github.com/davidhoo/jsonpath/cmd/jp/main.go:546.42,548.26 2 3
github.com/davidhoo/jsonpath/cmd/jp/main.go:549.43,551.27 2 0
github.com/davidhoo/jsonpath/cmd/jp/main.go:552.42,554.26 2 3
github.com/davidhoo/jsonpath/cmd/jp/main.go:555.13,557.52 1 14
github.com/davidhoo/jsonpath/cmd/jp/main.go:557.52,560.28 3 4
github.com/davidhoo/jsonpath/cmd/jp/main.go:560.28,562.108 2 11
github.com/davidhoo/jsonpath/cmd/jp/main.go:562.108,565.9 2 8
github.com/davidhoo/jsonpath/cmd/jp/main.go:565.14,566.14 1 3
github.com/davidhoo/jsonpath/cmd/jp/main.go:569.7,569.63 1 4
github.com/davidhoo/jsonpath/cmd/jp/main.go:569.63,572.8 2 4
github.com/davidhoo/jsonpath/cmd/jp/main.go:572.13,574.8 1 0
github.com/davidhoo/jsonpath/cmd/jp/main.go:575.12,577.7 1 10
github.com/davidhoo/jsonpath/cmd/jp/main.go:579.10,581.5 1 87
github.com/davidhoo/jsonpath/cmd/jp/main.go:584.3,585.12 2 189
github.com/davidhoo/jsonpath/cmd/jp/main.go:588.2,588.24 1 17
github.com/davidhoo/jsonpath/cmd/jp/main.go:592.57,595.15 3 4
github.com/davidhoo/jsonpath/cmd/jp/main.go:595.15,597.3 1 2
github.com/davidhoo/jsonpath/cmd/jp/main.go:598.2,600.41 2 4
github.com/davidhoo/jsonpath/cmd/jp/main.go:600.41,602.3 1 0
github.com/davidhoo/jsonpath/cmd/jp/main.go:604.2,604.40 1 4
github.com/davidhoo/jsonpath/cmd/jp/main.go:608.29,611.2 2 6
github.com/davidhoo/jsonpath/cmd/jp/main.go:614.27,615.34 1 2
github.com/davidhoo/jsonpath/cmd/jp/main.go:615.34,616.52 1 0
github.com/davidhoo/jsonpath/cmd/jp/main.go:616.52,618.4 1 0
github.com/davidhoo/jsonpath/cmd/jp/main.go:620.2,620.14 1 2
github.com/davidhoo/jsonpath/cmd/jp/main.go:624.18,627.41 3 12
github.com/davidhoo/jsonpath/cmd/jp/main.go:627.41,629.3 1 2
github.com/davidhoo/jsonpath/cmd/jp/main.go:630.2,630.16 1 10
github.com/davidhoo/jsonpath/cmd/jp/main.go:630.16,632.3 1 1
github.com/davidhoo/jsonpath/cmd/jp/main.go:635.2,635.80 1 9
github.com/davidhoo/jsonpath/cmd/jp/main.go:635.80,638.3 2 2
github.com/davidhoo/jsonpath/cmd/jp/main.go:641.2,642.16 2 7
github.com/davidhoo/jsonpath/cmd/jp/main.go:642.16,644.3 1 1
github.com/davidhoo/jsonpath/cmd/jp/main.go:647.2,647.20 1 6
github.com/davidhoo/jsonpath/cmd/jp/main.go:647.20,650.17 2 2
github.com/davidhoo/jsonpath/cmd/jp/main.go:650.17,652.4 1 1
github.com/davidhoo/jsonpath/cmd/jp/main.go:655.3,655.37 1 1
github.com/davidhoo/jsonpath/cmd/jp/main.go:655.37,656.19 1 1
github.com/davidhoo/jsonpath/cmd/jp/main.go:656.19,658.5 1 0
github.com/davidhoo/jsonpath/cmd/jp/main.go:658.10,660.5 1 1
github.com/davidhoo/jsonpath/cmd/jp/main.go:661.4,661.14 1 1
github.com/davidhoo/jsonpath/cmd/jp/main.go:665.3,665.19 1 0
github.com/davidhoo/jsonpath/cmd/jp/main.go:665.19,667.4 1 0
github.com/davidhoo/jsonpath/cmd/jp/main.go:670.3,670.52 1 0
github.com/davidhoo/jsonpath/cmd/jp/main.go:670.52,672.4 1 0
github.com/davidhoo/jsonpath/cmd/jp/main.go:673.8,676.65 2 4
github.com/davidhoo/jsonpath/cmd/jp/main.go:676.65,678.4 1 0
github.com/davidhoo/jsonpath/cmd/jp/main.go:681.3,681.19 1 4
github.com/davidhoo/jsonpath/cmd/jp/main.go:681.19,683.4 1 3
github.com/davidhoo/jsonpath/cmd/jp/main.go:686.3,686.54 1 4
github.com/davidhoo/jsonpath/cmd/jp/main.go:686.54,688.4 1 0
github.com/davidhoo/jsonpath/cmd/jp/main.go:691.2,691.12 1 4
github.com/davidhoo/jsonpath/cmd/jp/main.go:694.13,695.30 1 0
github.com/davidhoo/jsonpath/cmd/jp/main.go:695.30,698.3 2 0
